2023-11-15 22:58:36 INFO  DBHelperStressTest:37 - addSchool then deleteSchool stress test
2023-11-15 22:58:36 INFO  DBHelper:66 - init - Instead of @PostConstruct
2023-11-15 22:58:36 INFO  DBHelper:94 - Creating new ConnectionHolder for key 0
2023-11-15 22:58:36 INFO  DBHelper:94 - Creating new ConnectionHolder for key 3
2023-11-15 22:58:36 INFO  DBHelper:94 - Creating new ConnectionHolder for key 2
2023-11-15 22:58:36 INFO  DBHelper:94 - Creating new ConnectionHolder for key 5
2023-11-15 22:58:36 INFO  DBHelper:94 - Creating new ConnectionHolder for key 1
2023-11-15 22:58:36 INFO  DBHelper:94 - Creating new ConnectionHolder for key 4
2023-11-15 22:58:36 INFO  DBHelper:94 - Creating new ConnectionHolder for key 14
2023-11-15 22:58:36 INFO  DBHelper:94 - Creating new ConnectionHolder for key 11
2023-11-15 22:58:36 INFO  DBHelper:94 - Creating new ConnectionHolder for key 8
2023-11-15 22:58:36 INFO  DBHelper:94 - Creating new ConnectionHolder for key 13
2023-11-15 22:58:36 INFO  DBHelper:94 - Creating new ConnectionHolder for key 21
2023-11-15 22:58:36 INFO  DBHelper:94 - Creating new ConnectionHolder for key 23
2023-11-15 22:58:36 INFO  DBHelper:94 - Creating new ConnectionHolder for key 18
2023-11-15 22:58:36 INFO  DBHelper:94 - Creating new ConnectionHolder for key 28
2023-11-15 22:58:36 INFO  DBHelper:94 - Creating new ConnectionHolder for key 10
2023-11-15 22:58:36 INFO  DBHelper:94 - Creating new ConnectionHolder for key 9
2023-11-15 22:58:36 INFO  DBHelper:94 - Creating new ConnectionHolder for key 17
2023-11-15 22:58:36 INFO  DBHelper:94 - Creating new ConnectionHolder for key 19
2023-11-15 22:58:36 INFO  DBHelper:94 - Creating new ConnectionHolder for key 20
2023-11-15 22:58:36 INFO  DBHelper:94 - Creating new ConnectionHolder for key 29
2023-11-15 22:58:36 INFO  DBHelper:94 - Creating new ConnectionHolder for key 6
2023-11-15 22:58:36 INFO  DBHelper:94 - Creating new ConnectionHolder for key 24
2023-11-15 22:58:36 INFO  DBHelper:94 - Creating new ConnectionHolder for key 25
2023-11-15 22:58:36 INFO  DBHelper:94 - Creating new ConnectionHolder for key 7
2023-11-15 22:58:36 INFO  DBHelper:94 - Creating new ConnectionHolder for key 26
2023-11-15 22:58:36 INFO  DBHelper:94 - Creating new ConnectionHolder for key 16
2023-11-15 22:58:36 INFO  DBHelper:94 - Creating new ConnectionHolder for key 12
2023-11-15 22:58:36 INFO  DBHelper:94 - Creating new ConnectionHolder for key 15
2023-11-15 22:58:36 INFO  DBHelper:94 - Creating new ConnectionHolder for key 22
2023-11-15 22:58:36 INFO  DBHelper:94 - Creating new ConnectionHolder for key 27
2023-11-15 22:58:38 INFO  DBHelperStressTest:58 - Performed test #100000 rate 50000 scenarios per second
2023-11-15 22:58:42 INFO  DBHelperStressTest:58 - Performed test #200000 rate 33333 scenarios per second
2023-11-15 22:58:46 INFO  DBHelper:94 - Creating new ConnectionHolder for key 8
2023-11-15 22:58:46 INFO  DBHelper:94 - Creating new ConnectionHolder for key 20
2023-11-15 22:58:46 INFO  DBHelper:94 - Creating new ConnectionHolder for key 21
2023-11-15 22:58:46 INFO  DBHelper:94 - Creating new ConnectionHolder for key 19
2023-11-15 22:58:46 INFO  DBHelper:94 - Creating new ConnectionHolder for key 2
2023-11-15 22:58:46 INFO  DBHelper:94 - Creating new ConnectionHolder for key 1
2023-11-15 22:58:46 INFO  DBHelper:94 - Creating new ConnectionHolder for key 0
2023-11-15 22:58:46 INFO  DBHelper:94 - Creating new ConnectionHolder for key 28
2023-11-15 22:58:46 INFO  DBHelper:94 - Creating new ConnectionHolder for key 29
2023-11-15 22:58:46 INFO  DBHelper:94 - Creating new ConnectionHolder for key 23
2023-11-15 22:58:46 INFO  DBHelper:94 - Creating new ConnectionHolder for key 18
2023-11-15 22:58:46 INFO  DBHelper:94 - Creating new ConnectionHolder for key 9
2023-11-15 22:58:46 INFO  DBHelper:94 - Creating new ConnectionHolder for key 10
2023-11-15 22:58:46 INFO  DBHelper:94 - Creating new ConnectionHolder for key 11
2023-11-15 22:58:46 INFO  DBHelper:94 - Creating new ConnectionHolder for key 4
2023-11-15 22:58:46 INFO  DBHelper:94 - Creating new ConnectionHolder for key 14
2023-11-15 22:58:46 INFO  DBHelper:94 - Creating new ConnectionHolder for key 13
2023-11-15 22:58:46 INFO  DBHelper:94 - Creating new ConnectionHolder for key 3
2023-11-15 22:58:46 INFO  DBHelper:94 - Creating new ConnectionHolder for key 25
2023-11-15 22:58:46 INFO  DBHelper:94 - Creating new ConnectionHolder for key 5
2023-11-15 22:58:46 INFO  DBHelper:94 - Creating new ConnectionHolder for key 16
2023-11-15 22:58:46 INFO  DBHelper:94 - Creating new ConnectionHolder for key 26
2023-11-15 22:58:46 INFO  DBHelper:94 - Creating new ConnectionHolder for key 7
2023-11-15 22:58:46 INFO  DBHelper:94 - Creating new ConnectionHolder for key 6
2023-11-15 22:58:46 INFO  DBHelper:94 - Creating new ConnectionHolder for key 24
2023-11-15 22:58:46 INFO  DBHelper:94 - Creating new ConnectionHolder for key 17
2023-11-15 22:58:46 INFO  DBHelper:94 - Creating new ConnectionHolder for key 12
2023-11-15 22:58:46 INFO  DBHelper:94 - Creating new ConnectionHolder for key 15
2023-11-15 22:58:46 INFO  DBHelper:94 - Creating new ConnectionHolder for key 22
2023-11-15 22:58:46 INFO  DBHelper:94 - Creating new ConnectionHolder for key 27
2023-11-15 22:58:46 INFO  DBHelper:116 - Closing old connection for key 29
2023-11-15 22:58:46 INFO  DBHelper:116 - Closing old connection for key 14
2023-11-15 22:58:46 INFO  DBHelper:116 - Closing old connection for key 19
2023-11-15 22:58:46 INFO  DBHelper:116 - Closing old connection for key 12
2023-11-15 22:58:46 INFO  DBHelper:116 - Closing old connection for key 7
2023-11-15 22:58:46 INFO  DBHelper:116 - Closing old connection for key 1
2023-11-15 22:58:46 INFO  DBHelper:116 - Closing old connection for key 15
2023-11-15 22:58:46 INFO  DBHelper:116 - Closing old connection for key 22
2023-11-15 22:58:46 INFO  DBHelper:116 - Closing old connection for key 20
2023-11-15 22:58:46 INFO  DBHelper:116 - Closing old connection for key 25
2023-11-15 22:58:46 INFO  DBHelper:116 - Closing old connection for key 23
2023-11-15 22:58:46 INFO  DBHelper:116 - Closing old connection for key 10
2023-11-15 22:58:46 INFO  DBHelper:116 - Closing old connection for key 16
2023-11-15 22:58:46 INFO  DBHelper:116 - Closing old connection for key 6
2023-11-15 22:58:46 INFO  DBHelper:116 - Closing old connection for key 18
2023-11-15 22:58:46 INFO  DBHelper:116 - Closing old connection for key 21
2023-11-15 22:58:46 INFO  DBHelper:116 - Closing old connection for key 3
2023-11-15 22:58:46 INFO  DBHelper:116 - Closing old connection for key 26
2023-11-15 22:58:46 INFO  DBHelper:116 - Closing old connection for key 0
2023-11-15 22:58:46 INFO  DBHelper:116 - Closing old connection for key 13
2023-11-15 22:58:46 INFO  DBHelper:116 - Closing old connection for key 11
2023-11-15 22:58:46 INFO  DBHelper:116 - Closing old connection for key 2
2023-11-15 22:58:46 INFO  DBHelper:116 - Closing old connection for key 27
2023-11-15 22:58:46 INFO  DBHelper:116 - Closing old connection for key 17
2023-11-15 22:58:46 INFO  DBHelper:116 - Closing old connection for key 24
2023-11-15 22:58:46 INFO  DBHelper:116 - Closing old connection for key 28
2023-11-15 22:58:46 INFO  DBHelper:116 - Closing old connection for key 5
2023-11-15 22:58:46 INFO  DBHelper:116 - Closing old connection for key 4
2023-11-15 22:58:46 INFO  DBHelper:116 - Closing old connection for key 9
2023-11-15 22:58:46 INFO  DBHelper:116 - Closing old connection for key 8
2023-11-15 22:58:47 INFO  DBHelperStressTest:58 - Performed test #300000 rate 30000 scenarios per second
2023-11-15 22:58:52 INFO  DBHelperStressTest:58 - Performed test #400000 rate 26666 scenarios per second
2023-11-15 22:58:56 INFO  DBHelperStressTest:58 - Performed test #500000 rate 25000 scenarios per second
2023-11-15 22:58:56 INFO  DBHelper:94 - Creating new ConnectionHolder for key 8
2023-11-15 22:58:56 INFO  DBHelper:94 - Creating new ConnectionHolder for key 4
2023-11-15 22:58:56 INFO  DBHelper:94 - Creating new ConnectionHolder for key 9
2023-11-15 22:58:56 INFO  DBHelper:94 - Creating new ConnectionHolder for key 5
2023-11-15 22:58:56 INFO  DBHelper:116 - Closing old connection for key 8
2023-11-15 22:58:56 INFO  DBHelper:116 - Closing old connection for key 5
2023-11-15 22:58:56 INFO  DBHelper:116 - Closing old connection for key 4
2023-11-15 22:58:56 INFO  DBHelper:116 - Closing old connection for key 9
2023-11-15 22:58:56 INFO  DBHelper:94 - Creating new ConnectionHolder for key 15
2023-11-15 22:58:56 INFO  DBHelper:94 - Creating new ConnectionHolder for key 0
2023-11-15 22:58:56 INFO  DBHelper:94 - Creating new ConnectionHolder for key 29
2023-11-15 22:58:56 INFO  DBHelper:94 - Creating new ConnectionHolder for key 28
2023-11-15 22:58:56 INFO  DBHelper:94 - Creating new ConnectionHolder for key 27
2023-11-15 22:58:56 INFO  DBHelper:94 - Creating new ConnectionHolder for key 26
2023-11-15 22:58:56 INFO  DBHelper:94 - Creating new ConnectionHolder for key 25
2023-11-15 22:58:56 INFO  DBHelper:94 - Creating new ConnectionHolder for key 24
2023-11-15 22:58:56 INFO  DBHelper:94 - Creating new ConnectionHolder for key 23
2023-11-15 22:58:56 INFO  DBHelper:94 - Creating new ConnectionHolder for key 22
2023-11-15 22:58:56 INFO  DBHelper:116 - Closing old connection for key 24
2023-11-15 22:58:56 INFO  DBHelper:94 - Creating new ConnectionHolder for key 21
2023-11-15 22:58:56 INFO  DBHelper:94 - Creating new ConnectionHolder for key 20
2023-11-15 22:58:56 INFO  DBHelper:94 - Creating new ConnectionHolder for key 19
2023-11-15 22:58:56 INFO  DBHelper:94 - Creating new ConnectionHolder for key 18
2023-11-15 22:58:56 INFO  DBHelper:94 - Creating new ConnectionHolder for key 17
2023-11-15 22:58:56 INFO  DBHelper:94 - Creating new ConnectionHolder for key 16
2023-11-15 22:58:56 INFO  DBHelper:116 - Closing old connection for key 19
2023-11-15 22:58:56 INFO  DBHelper:116 - Closing old connection for key 20
2023-11-15 22:58:56 INFO  DBHelper:116 - Closing old connection for key 21
2023-11-15 22:58:56 INFO  DBHelper:116 - Closing old connection for key 22
2023-11-15 22:58:56 INFO  DBHelper:116 - Closing old connection for key 23
2023-11-15 22:58:56 INFO  DBHelper:94 - Creating new ConnectionHolder for key 7
2023-11-15 22:58:56 INFO  DBHelper:116 - Closing old connection for key 25
2023-11-15 22:58:56 INFO  DBHelper:116 - Closing old connection for key 28
2023-11-15 22:58:56 INFO  DBHelper:116 - Closing old connection for key 29
2023-11-15 22:58:56 INFO  DBHelper:116 - Closing old connection for key 7
2023-11-15 22:58:56 INFO  DBHelper:116 - Closing old connection for key 0
2023-11-15 22:58:56 INFO  DBHelper:116 - Closing old connection for key 15
2023-11-15 22:58:56 INFO  DBHelper:94 - Creating new ConnectionHolder for key 6
2023-11-15 22:58:56 INFO  DBHelper:94 - Creating new ConnectionHolder for key 3
2023-11-15 22:58:56 INFO  DBHelper:94 - Creating new ConnectionHolder for key 2
2023-11-15 22:58:56 INFO  DBHelper:94 - Creating new ConnectionHolder for key 1
2023-11-15 22:58:56 INFO  DBHelper:94 - Creating new ConnectionHolder for key 14
2023-11-15 22:58:56 INFO  DBHelper:94 - Creating new ConnectionHolder for key 13
2023-11-15 22:58:56 INFO  DBHelper:116 - Closing old connection for key 1
2023-11-15 22:58:56 INFO  DBHelper:94 - Creating new ConnectionHolder for key 12
2023-11-15 22:58:56 INFO  DBHelper:116 - Closing old connection for key 16
2023-11-15 22:58:56 INFO  DBHelper:94 - Creating new ConnectionHolder for key 11
2023-11-15 22:58:56 INFO  DBHelper:94 - Creating new ConnectionHolder for key 10
2023-11-15 22:58:56 INFO  DBHelper:116 - Closing old connection for key 17
2023-11-15 22:58:56 INFO  DBHelper:116 - Closing old connection for key 18
2023-11-15 22:58:56 INFO  DBHelper:116 - Closing old connection for key 10
2023-11-15 22:58:56 INFO  DBHelper:116 - Closing old connection for key 11
2023-11-15 22:58:56 INFO  DBHelper:116 - Closing old connection for key 12
2023-11-15 22:58:56 INFO  DBHelper:116 - Closing old connection for key 13
2023-11-15 22:58:56 INFO  DBHelper:116 - Closing old connection for key 14
2023-11-15 22:58:56 INFO  DBHelper:116 - Closing old connection for key 2
2023-11-15 22:58:56 INFO  DBHelper:116 - Closing old connection for key 3
2023-11-15 22:58:56 INFO  DBHelper:116 - Closing old connection for key 6
2023-11-15 22:58:56 INFO  DBHelper:116 - Closing old connection for key 26
2023-11-15 22:58:56 INFO  DBHelper:116 - Closing old connection for key 27
2023-11-15 22:59:00 INFO  DBHelperStressTest:58 - Performed test #600000 rate 25000 scenarios per second
2023-11-15 22:59:03 INFO  DBHelperStressTest:58 - Performed test #700000 rate 25925 scenarios per second
2023-11-15 22:59:05 INFO  DBHelperStressTest:58 - Performed test #800000 rate 27586 scenarios per second
2023-11-15 22:59:06 INFO  DBHelper:94 - Creating new ConnectionHolder for key 4
2023-11-15 22:59:06 INFO  DBHelper:94 - Creating new ConnectionHolder for key 9
2023-11-15 22:59:06 INFO  DBHelper:94 - Creating new ConnectionHolder for key 8
2023-11-15 22:59:06 INFO  DBHelper:94 - Creating new ConnectionHolder for key 5
2023-11-15 22:59:06 INFO  DBHelper:116 - Closing old connection for key 9
2023-11-15 22:59:06 INFO  DBHelper:116 - Closing old connection for key 8
2023-11-15 22:59:06 INFO  DBHelper:116 - Closing old connection for key 5
2023-11-15 22:59:06 INFO  DBHelper:94 - Creating new ConnectionHolder for key 20
2023-11-15 22:59:06 INFO  DBHelper:94 - Creating new ConnectionHolder for key 17
2023-11-15 22:59:06 INFO  DBHelper:94 - Creating new ConnectionHolder for key 16
2023-11-15 22:59:06 INFO  DBHelper:94 - Creating new ConnectionHolder for key 15
2023-11-15 22:59:06 INFO  DBHelper:94 - Creating new ConnectionHolder for key 7
2023-11-15 22:59:06 INFO  DBHelper:94 - Creating new ConnectionHolder for key 0
2023-11-15 22:59:06 INFO  DBHelper:94 - Creating new ConnectionHolder for key 29
2023-11-15 22:59:06 INFO  DBHelper:94 - Creating new ConnectionHolder for key 28
2023-11-15 22:59:06 INFO  DBHelper:94 - Creating new ConnectionHolder for key 27
2023-11-15 22:59:06 INFO  DBHelper:94 - Creating new ConnectionHolder for key 26
2023-11-15 22:59:06 INFO  DBHelper:94 - Creating new ConnectionHolder for key 25
2023-11-15 22:59:06 INFO  DBHelper:94 - Creating new ConnectionHolder for key 24
2023-11-15 22:59:06 INFO  DBHelper:94 - Creating new ConnectionHolder for key 23
2023-11-15 22:59:06 INFO  DBHelper:94 - Creating new ConnectionHolder for key 22
2023-11-15 22:59:06 INFO  DBHelper:94 - Creating new ConnectionHolder for key 21
2023-11-15 22:59:06 INFO  DBHelper:116 - Closing old connection for key 24
2023-11-15 22:59:06 INFO  DBHelper:116 - Closing old connection for key 25
2023-11-15 22:59:06 INFO  DBHelper:116 - Closing old connection for key 26
2023-11-15 22:59:06 INFO  DBHelper:116 - Closing old connection for key 28
2023-11-15 22:59:06 INFO  DBHelper:116 - Closing old connection for key 29
2023-11-15 22:59:06 INFO  DBHelper:116 - Closing old connection for key 0
2023-11-15 22:59:06 INFO  DBHelper:116 - Closing old connection for key 15
2023-11-15 22:59:06 INFO  DBHelper:116 - Closing old connection for key 16
2023-11-15 22:59:06 INFO  DBHelper:116 - Closing old connection for key 17
2023-11-15 22:59:06 INFO  DBHelper:116 - Closing old connection for key 20
2023-11-15 22:59:06 INFO  DBHelper:94 - Creating new ConnectionHolder for key 19
2023-11-15 22:59:06 INFO  DBHelper:94 - Creating new ConnectionHolder for key 18
2023-11-15 22:59:06 INFO  DBHelper:94 - Creating new ConnectionHolder for key 14
2023-11-15 22:59:06 INFO  DBHelper:94 - Creating new ConnectionHolder for key 13
2023-11-15 22:59:06 INFO  DBHelper:116 - Closing old connection for key 19
2023-11-15 22:59:06 INFO  DBHelper:116 - Closing old connection for key 14
2023-11-15 22:59:06 INFO  DBHelper:94 - Creating new ConnectionHolder for key 12
2023-11-15 22:59:06 INFO  DBHelper:94 - Creating new ConnectionHolder for key 11
2023-11-15 22:59:06 INFO  DBHelper:116 - Closing old connection for key 12
2023-11-15 22:59:06 INFO  DBHelper:94 - Creating new ConnectionHolder for key 10
2023-11-15 22:59:06 INFO  DBHelper:94 - Creating new ConnectionHolder for key 6
2023-11-15 22:59:06 INFO  DBHelper:94 - Creating new ConnectionHolder for key 3
2023-11-15 22:59:06 INFO  DBHelper:116 - Closing old connection for key 27
2023-11-15 22:59:06 INFO  DBHelper:116 - Closing old connection for key 21
2023-11-15 22:59:06 INFO  DBHelper:94 - Creating new ConnectionHolder for key 2
2023-11-15 22:59:06 INFO  DBHelper:116 - Closing old connection for key 2
2023-11-15 22:59:06 INFO  DBHelper:94 - Creating new ConnectionHolder for key 1
2023-11-15 22:59:06 INFO  DBHelper:116 - Closing old connection for key 22
2023-11-15 22:59:06 INFO  DBHelper:116 - Closing old connection for key 3
2023-11-15 22:59:06 INFO  DBHelper:116 - Closing old connection for key 10
2023-11-15 22:59:06 INFO  DBHelper:116 - Closing old connection for key 23
2023-11-15 22:59:06 INFO  DBHelper:116 - Closing old connection for key 6
2023-11-15 22:59:06 INFO  DBHelper:116 - Closing old connection for key 11
2023-11-15 22:59:06 INFO  DBHelper:116 - Closing old connection for key 7
2023-11-15 22:59:06 INFO  DBHelper:116 - Closing old connection for key 13
2023-11-15 22:59:06 INFO  DBHelper:116 - Closing old connection for key 4
2023-11-15 22:59:06 INFO  DBHelper:116 - Closing old connection for key 18
2023-11-15 22:59:06 INFO  DBHelper:116 - Closing old connection for key 1
2023-11-15 22:59:10 INFO  DBHelperStressTest:58 - Performed test #900000 rate 26470 scenarios per second
2023-11-15 22:59:16 INFO  DBHelperStressTest:58 - Performed test #1000000 rate 25000 scenarios per second
2023-11-15 22:59:16 INFO  DBHelperStressTest:88 - Finished executing stress test
2023-11-15 23:00:37 INFO  DBHelperStressTest:37 - addSchool then deleteSchool stress test
2023-11-15 23:00:37 INFO  DBHelper:66 - init - Instead of @PostConstruct
2023-11-15 23:00:38 INFO  DBHelper:94 - Creating new ConnectionHolder for key 11
2023-11-15 23:00:38 INFO  DBHelper:94 - Creating new ConnectionHolder for key 1
2023-11-15 23:00:38 INFO  DBHelper:94 - Creating new ConnectionHolder for key 13
2023-11-15 23:00:38 INFO  DBHelper:94 - Creating new ConnectionHolder for key 7
2023-11-15 23:00:38 INFO  DBHelper:94 - Creating new ConnectionHolder for key 29
2023-11-15 23:00:38 INFO  DBHelper:94 - Creating new ConnectionHolder for key 5
2023-11-15 23:00:38 INFO  DBHelper:94 - Creating new ConnectionHolder for key 15
2023-11-15 23:00:38 INFO  DBHelper:94 - Creating new ConnectionHolder for key 16
2023-11-15 23:00:38 INFO  DBHelper:94 - Creating new ConnectionHolder for key 14
2023-11-15 23:00:38 INFO  DBHelper:94 - Creating new ConnectionHolder for key 19
2023-11-15 23:00:38 INFO  DBHelper:94 - Creating new ConnectionHolder for key 8
2023-11-15 23:00:38 INFO  DBHelper:94 - Creating new ConnectionHolder for key 17
2023-11-15 23:00:38 INFO  DBHelper:94 - Creating new ConnectionHolder for key 0
2023-11-15 23:00:38 INFO  DBHelper:94 - Creating new ConnectionHolder for key 4
2023-11-15 23:00:38 INFO  DBHelper:94 - Creating new ConnectionHolder for key 28
2023-11-15 23:00:38 INFO  DBHelper:94 - Creating new ConnectionHolder for key 12
2023-11-15 23:00:38 INFO  DBHelper:94 - Creating new ConnectionHolder for key 9
2023-11-15 23:00:38 INFO  DBHelper:94 - Creating new ConnectionHolder for key 22
2023-11-15 23:00:38 INFO  DBHelper:94 - Creating new ConnectionHolder for key 27
2023-11-15 23:00:38 INFO  DBHelper:94 - Creating new ConnectionHolder for key 26
2023-11-15 23:00:38 INFO  DBHelper:94 - Creating new ConnectionHolder for key 10
2023-11-15 23:00:38 INFO  DBHelper:94 - Creating new ConnectionHolder for key 6
2023-11-15 23:00:38 INFO  DBHelper:94 - Creating new ConnectionHolder for key 23
2023-11-15 23:00:38 INFO  DBHelper:94 - Creating new ConnectionHolder for key 20
2023-11-15 23:00:38 INFO  DBHelper:94 - Creating new ConnectionHolder for key 24
2023-11-15 23:00:38 INFO  DBHelper:94 - Creating new ConnectionHolder for key 2
2023-11-15 23:00:38 INFO  DBHelper:94 - Creating new ConnectionHolder for key 25
2023-11-15 23:00:38 INFO  DBHelper:94 - Creating new ConnectionHolder for key 21
2023-11-15 23:00:38 INFO  DBHelper:94 - Creating new ConnectionHolder for key 18
2023-11-15 23:00:38 INFO  DBHelper:94 - Creating new ConnectionHolder for key 3
2023-11-15 23:00:39 INFO  DBHelperStressTest:58 - Performed test #100000 rate 50000 scenarios per second
2023-11-15 23:00:44 INFO  DBHelperStressTest:58 - Performed test #200000 rate 33333 scenarios per second
2023-11-15 23:00:48 INFO  DBHelper:94 - Creating new ConnectionHolder for key 7
2023-11-15 23:00:48 INFO  DBHelper:94 - Creating new ConnectionHolder for key 22
2023-11-15 23:00:48 INFO  DBHelper:94 - Creating new ConnectionHolder for key 13
2023-11-15 23:00:48 INFO  DBHelper:94 - Creating new ConnectionHolder for key 24
2023-11-15 23:00:48 INFO  DBHelper:94 - Creating new ConnectionHolder for key 20
2023-11-15 23:00:48 INFO  DBHelper:94 - Creating new ConnectionHolder for key 19
2023-11-15 23:00:48 INFO  DBHelper:94 - Creating new ConnectionHolder for key 6
2023-11-15 23:00:48 INFO  DBHelper:94 - Creating new ConnectionHolder for key 14
2023-11-15 23:00:48 INFO  DBHelper:94 - Creating new ConnectionHolder for key 12
2023-11-15 23:00:48 INFO  DBHelper:94 - Creating new ConnectionHolder for key 5
2023-11-15 23:00:48 INFO  DBHelper:94 - Creating new ConnectionHolder for key 11
2023-11-15 23:00:48 INFO  DBHelper:94 - Creating new ConnectionHolder for key 28
2023-11-15 23:00:48 INFO  DBHelper:94 - Creating new ConnectionHolder for key 27
2023-11-15 23:00:48 INFO  DBHelper:94 - Creating new ConnectionHolder for key 4
2023-11-15 23:00:48 INFO  DBHelper:94 - Creating new ConnectionHolder for key 21
2023-11-15 23:00:48 INFO  DBHelper:94 - Creating new ConnectionHolder for key 3
2023-11-15 23:00:48 INFO  DBHelper:94 - Creating new ConnectionHolder for key 17
2023-11-15 23:00:48 INFO  DBHelper:94 - Creating new ConnectionHolder for key 16
2023-11-15 23:00:48 INFO  DBHelper:94 - Creating new ConnectionHolder for key 10
2023-11-15 23:00:48 INFO  DBHelper:94 - Creating new ConnectionHolder for key 9
2023-11-15 23:00:48 INFO  DBHelper:94 - Creating new ConnectionHolder for key 2
2023-11-15 23:00:48 INFO  DBHelper:94 - Creating new ConnectionHolder for key 23
2023-11-15 23:00:48 INFO  DBHelper:94 - Creating new ConnectionHolder for key 15
2023-11-15 23:00:48 INFO  DBHelper:94 - Creating new ConnectionHolder for key 29
2023-11-15 23:00:48 INFO  DBHelper:94 - Creating new ConnectionHolder for key 1
2023-11-15 23:00:48 INFO  DBHelper:94 - Creating new ConnectionHolder for key 26
2023-11-15 23:00:48 INFO  DBHelper:94 - Creating new ConnectionHolder for key 25
2023-11-15 23:00:48 INFO  DBHelper:94 - Creating new ConnectionHolder for key 18
2023-11-15 23:00:48 INFO  DBHelper:94 - Creating new ConnectionHolder for key 8
2023-11-15 23:00:48 INFO  DBHelper:94 - Creating new ConnectionHolder for key 0
2023-11-15 23:00:48 INFO  DBHelper:116 - Closing old connection for key 20
2023-11-15 23:00:48 INFO  DBHelper:116 - Closing old connection for key 13
2023-11-15 23:00:48 INFO  DBHelper:116 - Closing old connection for key 10
2023-11-15 23:00:48 INFO  DBHelper:116 - Closing old connection for key 23
2023-11-15 23:00:48 INFO  DBHelper:116 - Closing old connection for key 25
2023-11-15 23:00:48 INFO  DBHelper:116 - Closing old connection for key 4
2023-11-15 23:00:48 INFO  DBHelper:116 - Closing old connection for key 17
2023-11-15 23:00:48 INFO  DBHelper:116 - Closing old connection for key 14
2023-11-15 23:00:48 INFO  DBHelper:116 - Closing old connection for key 29
2023-11-15 23:00:48 INFO  DBHelper:116 - Closing old connection for key 27
2023-11-15 23:00:48 INFO  DBHelper:116 - Closing old connection for key 16
2023-11-15 23:00:48 INFO  DBHelper:116 - Closing old connection for key 1
2023-11-15 23:00:48 INFO  DBHelper:116 - Closing old connection for key 12
2023-11-15 23:00:48 INFO  DBHelper:116 - Closing old connection for key 0
2023-11-15 23:00:48 INFO  DBHelper:116 - Closing old connection for key 24
2023-11-15 23:00:48 INFO  DBHelper:116 - Closing old connection for key 22
2023-11-15 23:00:48 INFO  DBHelper:116 - Closing old connection for key 3
2023-11-15 23:00:48 INFO  DBHelper:116 - Closing old connection for key 9
2023-11-15 23:00:48 INFO  DBHelper:116 - Closing old connection for key 6
2023-11-15 23:00:48 INFO  DBHelper:116 - Closing old connection for key 28
2023-11-15 23:00:48 INFO  DBHelper:116 - Closing old connection for key 5
2023-11-15 23:00:48 INFO  DBHelper:116 - Closing old connection for key 21
2023-11-15 23:00:48 INFO  DBHelper:116 - Closing old connection for key 18
2023-11-15 23:00:48 INFO  DBHelper:116 - Closing old connection for key 8
2023-11-15 23:00:48 INFO  DBHelper:116 - Closing old connection for key 19
2023-11-15 23:00:48 INFO  DBHelper:116 - Closing old connection for key 15
2023-11-15 23:00:48 INFO  DBHelper:116 - Closing old connection for key 2
2023-11-15 23:00:48 INFO  DBHelper:116 - Closing old connection for key 11
2023-11-15 23:00:48 INFO  DBHelper:116 - Closing old connection for key 26
2023-11-15 23:00:48 INFO  DBHelper:116 - Closing old connection for key 7
2023-11-15 23:00:48 INFO  DBHelperStressTest:58 - Performed test #300000 rate 30000 scenarios per second
2023-11-15 23:00:52 INFO  DBHelperStressTest:58 - Performed test #400000 rate 28571 scenarios per second
2023-11-15 23:00:57 INFO  DBHelperStressTest:58 - Performed test #500000 rate 26315 scenarios per second
2023-11-15 23:00:58 INFO  DBHelper:94 - Creating new ConnectionHolder for key 4
2023-11-15 23:00:58 INFO  DBHelper:94 - Creating new ConnectionHolder for key 10
2023-11-15 23:00:58 INFO  DBHelper:94 - Creating new ConnectionHolder for key 14
2023-11-15 23:00:58 INFO  DBHelper:94 - Creating new ConnectionHolder for key 5
2023-11-15 23:00:58 INFO  DBHelper:94 - Creating new ConnectionHolder for key 16
2023-11-15 23:00:58 INFO  DBHelper:116 - Closing old connection for key 14
2023-11-15 23:00:58 INFO  DBHelper:94 - Creating new ConnectionHolder for key 13
2023-11-15 23:00:58 INFO  DBHelper:94 - Creating new ConnectionHolder for key 7
2023-11-15 23:00:58 INFO  DBHelper:116 - Closing old connection for key 16
2023-11-15 23:00:58 INFO  DBHelper:94 - Creating new ConnectionHolder for key 3
2023-11-15 23:00:58 INFO  DBHelper:116 - Closing old connection for key 5
2023-11-15 23:00:58 INFO  DBHelper:94 - Creating new ConnectionHolder for key 1
2023-11-15 23:00:58 INFO  DBHelper:94 - Creating new ConnectionHolder for key 0
2023-11-15 23:00:58 INFO  DBHelper:116 - Closing old connection for key 3
2023-11-15 23:00:58 INFO  DBHelper:94 - Creating new ConnectionHolder for key 29
2023-11-15 23:00:58 INFO  DBHelper:94 - Creating new ConnectionHolder for key 26
2023-11-15 23:00:58 INFO  DBHelper:94 - Creating new ConnectionHolder for key 24
2023-11-15 23:00:58 INFO  DBHelper:94 - Creating new ConnectionHolder for key 22
2023-11-15 23:00:58 INFO  DBHelper:116 - Closing old connection for key 10
2023-11-15 23:00:58 INFO  DBHelper:94 - Creating new ConnectionHolder for key 27
2023-11-15 23:00:58 INFO  DBHelper:116 - Closing old connection for key 4
2023-11-15 23:00:58 INFO  DBHelper:94 - Creating new ConnectionHolder for key 25
2023-11-15 23:00:58 INFO  DBHelper:116 - Closing old connection for key 27
2023-11-15 23:00:58 INFO  DBHelper:94 - Creating new ConnectionHolder for key 12
2023-11-15 23:00:58 INFO  DBHelper:94 - Creating new ConnectionHolder for key 11
2023-11-15 23:00:58 INFO  DBHelper:94 - Creating new ConnectionHolder for key 9
2023-11-15 23:00:58 INFO  DBHelper:116 - Closing old connection for key 12
2023-11-15 23:00:58 INFO  DBHelper:116 - Closing old connection for key 11
2023-11-15 23:00:58 INFO  DBHelper:94 - Creating new ConnectionHolder for key 6
2023-11-15 23:00:58 INFO  DBHelper:94 - Creating new ConnectionHolder for key 28
2023-11-15 23:00:58 INFO  DBHelper:94 - Creating new ConnectionHolder for key 21
2023-11-15 23:00:58 INFO  DBHelper:94 - Creating new ConnectionHolder for key 19
2023-11-15 23:00:58 INFO  DBHelper:94 - Creating new ConnectionHolder for key 18
2023-11-15 23:00:58 INFO  DBHelper:94 - Creating new ConnectionHolder for key 15
2023-11-15 23:00:58 INFO  DBHelper:116 - Closing old connection for key 21
2023-11-15 23:00:58 INFO  DBHelper:94 - Creating new ConnectionHolder for key 8
2023-11-15 23:00:58 INFO  DBHelper:94 - Creating new ConnectionHolder for key 2
2023-11-15 23:00:58 INFO  DBHelper:94 - Creating new ConnectionHolder for key 20
2023-11-15 23:00:58 INFO  DBHelper:116 - Closing old connection for key 8
2023-11-15 23:00:58 INFO  DBHelper:94 - Creating new ConnectionHolder for key 17
2023-11-15 23:00:58 INFO  DBHelper:94 - Creating new ConnectionHolder for key 23
2023-11-15 23:00:58 INFO  DBHelper:116 - Closing old connection for key 20
2023-11-15 23:00:58 INFO  DBHelper:116 - Closing old connection for key 17
2023-11-15 23:00:58 INFO  DBHelper:116 - Closing old connection for key 2
2023-11-15 23:00:58 INFO  DBHelper:116 - Closing old connection for key 15
2023-11-15 23:00:58 INFO  DBHelper:116 - Closing old connection for key 19
2023-11-15 23:00:58 INFO  DBHelper:116 - Closing old connection for key 18
2023-11-15 23:00:58 INFO  DBHelper:116 - Closing old connection for key 28
2023-11-15 23:00:58 INFO  DBHelper:116 - Closing old connection for key 9
2023-11-15 23:00:58 INFO  DBHelper:116 - Closing old connection for key 25
2023-11-15 23:00:58 INFO  DBHelper:116 - Closing old connection for key 22
2023-11-15 23:00:58 INFO  DBHelper:116 - Closing old connection for key 24
2023-11-15 23:00:58 INFO  DBHelper:116 - Closing old connection for key 26
2023-11-15 23:00:58 INFO  DBHelper:116 - Closing old connection for key 29
2023-11-15 23:00:58 INFO  DBHelper:116 - Closing old connection for key 0
2023-11-15 23:00:58 INFO  DBHelper:116 - Closing old connection for key 1
2023-11-15 23:00:58 INFO  DBHelper:116 - Closing old connection for key 7
2023-11-15 23:00:58 INFO  DBHelper:116 - Closing old connection for key 13
2023-11-15 23:00:58 INFO  DBHelper:116 - Closing old connection for key 23
2023-11-15 23:00:58 INFO  DBHelper:116 - Closing old connection for key 6
2023-11-15 23:01:02 INFO  DBHelperStressTest:58 - Performed test #600000 rate 25000 scenarios per second
2023-11-15 23:01:07 INFO  DBHelperStressTest:58 - Performed test #700000 rate 24137 scenarios per second
2023-11-15 23:01:08 INFO  DBHelper:94 - Creating new ConnectionHolder for key 26
2023-11-15 23:01:08 INFO  DBHelper:94 - Creating new ConnectionHolder for key 16
2023-11-15 23:01:08 INFO  DBHelper:94 - Creating new ConnectionHolder for key 13
2023-11-15 23:01:08 INFO  DBHelper:94 - Creating new ConnectionHolder for key 14
2023-11-15 23:01:08 INFO  DBHelper:94 - Creating new ConnectionHolder for key 10
2023-11-15 23:01:08 INFO  DBHelper:94 - Creating new ConnectionHolder for key 7
2023-11-15 23:01:08 INFO  DBHelper:94 - Creating new ConnectionHolder for key 4
2023-11-15 23:01:08 INFO  DBHelper:94 - Creating new ConnectionHolder for key 22
2023-11-15 23:01:08 INFO  DBHelper:94 - Creating new ConnectionHolder for key 28
2023-11-15 23:01:08 INFO  DBHelper:94 - Creating new ConnectionHolder for key 25
2023-11-15 23:01:08 INFO  DBHelper:116 - Closing old connection for key 28
2023-11-15 23:01:08 INFO  DBHelper:94 - Creating new ConnectionHolder for key 8
2023-11-15 23:01:08 INFO  DBHelper:94 - Creating new ConnectionHolder for key 5
2023-11-15 23:01:08 INFO  DBHelper:94 - Creating new ConnectionHolder for key 3
2023-11-15 23:01:08 INFO  DBHelper:116 - Closing old connection for key 8
2023-11-15 23:01:08 INFO  DBHelper:94 - Creating new ConnectionHolder for key 17
2023-11-15 23:01:08 INFO  DBHelper:116 - Closing old connection for key 5
2023-11-15 23:01:08 INFO  DBHelper:94 - Creating new ConnectionHolder for key 0
2023-11-15 23:01:08 INFO  DBHelper:94 - Creating new ConnectionHolder for key 1
2023-11-15 23:01:08 INFO  DBHelper:116 - Closing old connection for key 0
2023-11-15 23:01:08 INFO  DBHelper:94 - Creating new ConnectionHolder for key 29
2023-11-15 23:01:08 INFO  DBHelper:94 - Creating new ConnectionHolder for key 27
2023-11-15 23:01:08 INFO  DBHelper:94 - Creating new ConnectionHolder for key 24
2023-11-15 23:01:08 INFO  DBHelper:116 - Closing old connection for key 29
2023-11-15 23:01:08 INFO  DBHelper:116 - Closing old connection for key 27
2023-11-15 23:01:08 INFO  DBHelper:116 - Closing old connection for key 1
2023-11-15 23:01:08 INFO  DBHelper:94 - Creating new ConnectionHolder for key 23
2023-11-15 23:01:08 INFO  DBHelper:94 - Creating new ConnectionHolder for key 20
2023-11-15 23:01:08 INFO  DBHelper:94 - Creating new ConnectionHolder for key 2
2023-11-15 23:01:08 INFO  DBHelper:116 - Closing old connection for key 13
2023-11-15 23:01:08 INFO  DBHelper:116 - Closing old connection for key 25
2023-11-15 23:01:08 INFO  DBHelper:94 - Creating new ConnectionHolder for key 21
2023-11-15 23:01:08 INFO  DBHelper:94 - Creating new ConnectionHolder for key 18
2023-11-15 23:01:08 INFO  DBHelper:94 - Creating new ConnectionHolder for key 19
2023-11-15 23:01:08 INFO  DBHelper:116 - Closing old connection for key 21
2023-11-15 23:01:08 INFO  DBHelper:116 - Closing old connection for key 19
2023-11-15 23:01:08 INFO  DBHelper:94 - Creating new ConnectionHolder for key 15
2023-11-15 23:01:08 INFO  DBHelper:116 - Closing old connection for key 10
2023-11-15 23:01:08 INFO  DBHelper:116 - Closing old connection for key 4
2023-11-15 23:01:08 INFO  DBHelper:94 - Creating new ConnectionHolder for key 6
2023-11-15 23:01:08 INFO  DBHelper:116 - Closing old connection for key 7
2023-11-15 23:01:08 INFO  DBHelper:116 - Closing old connection for key 14
2023-11-15 23:01:08 INFO  DBHelper:116 - Closing old connection for key 16
2023-11-15 23:01:08 INFO  DBHelper:94 - Creating new ConnectionHolder for key 9
2023-11-15 23:01:08 INFO  DBHelper:116 - Closing old connection for key 18
2023-11-15 23:01:08 INFO  DBHelper:94 - Creating new ConnectionHolder for key 11
2023-11-15 23:01:08 INFO  DBHelper:94 - Creating new ConnectionHolder for key 12
2023-11-15 23:01:08 INFO  DBHelper:116 - Closing old connection for key 9
2023-11-15 23:01:08 INFO  DBHelper:116 - Closing old connection for key 12
2023-11-15 23:01:08 INFO  DBHelper:116 - Closing old connection for key 11
2023-11-15 23:01:08 INFO  DBHelper:116 - Closing old connection for key 6
2023-11-15 23:01:08 INFO  DBHelper:116 - Closing old connection for key 15
2023-11-15 23:01:08 INFO  DBHelper:116 - Closing old connection for key 2
2023-11-15 23:01:08 INFO  DBHelper:116 - Closing old connection for key 20
2023-11-15 23:01:08 INFO  DBHelper:116 - Closing old connection for key 23
2023-11-15 23:01:08 INFO  DBHelper:116 - Closing old connection for key 17
2023-11-15 23:01:08 INFO  DBHelper:116 - Closing old connection for key 3
2023-11-15 23:01:08 INFO  DBHelper:116 - Closing old connection for key 24
2023-11-15 23:01:08 INFO  DBHelper:116 - Closing old connection for key 22
2023-11-15 23:01:08 INFO  DBHelper:116 - Closing old connection for key 26
2023-11-15 23:01:12 INFO  DBHelperStressTest:58 - Performed test #800000 rate 23529 scenarios per second
2023-11-15 23:01:18 INFO  DBHelper:94 - Creating new ConnectionHolder for key 22
2023-11-15 23:01:18 INFO  DBHelper:94 - Creating new ConnectionHolder for key 17
2023-11-15 23:01:18 INFO  DBHelper:94 - Creating new ConnectionHolder for key 26
2023-11-15 23:01:18 INFO  DBHelper:94 - Creating new ConnectionHolder for key 0
2023-11-15 23:01:18 INFO  DBHelper:116 - Closing old connection for key 22
2023-11-15 23:01:18 INFO  DBHelper:94 - Creating new ConnectionHolder for key 13
2023-11-15 23:01:18 INFO  DBHelper:94 - Creating new ConnectionHolder for key 14
2023-11-15 23:01:18 INFO  DBHelper:94 - Creating new ConnectionHolder for key 29
2023-11-15 23:01:18 INFO  DBHelper:94 - Creating new ConnectionHolder for key 27
2023-11-15 23:01:18 INFO  DBHelper:116 - Closing old connection for key 14
2023-11-15 23:01:18 INFO  DBHelper:94 - Creating new ConnectionHolder for key 10
2023-11-15 23:01:18 INFO  DBHelper:94 - Creating new ConnectionHolder for key 8
2023-11-15 23:01:18 INFO  DBHelper:94 - Creating new ConnectionHolder for key 7
2023-11-15 23:01:18 INFO  DBHelper:94 - Creating new ConnectionHolder for key 4
2023-11-15 23:01:18 INFO  DBHelper:94 - Creating new ConnectionHolder for key 5
2023-11-15 23:01:18 INFO  DBHelper:94 - Creating new ConnectionHolder for key 3
2023-11-15 23:01:18 INFO  DBHelper:94 - Creating new ConnectionHolder for key 28
2023-11-15 23:01:18 INFO  DBHelper:94 - Creating new ConnectionHolder for key 18
2023-11-15 23:01:18 INFO  DBHelper:94 - Creating new ConnectionHolder for key 25
2023-11-15 23:01:18 INFO  DBHelper:94 - Creating new ConnectionHolder for key 16
2023-11-15 23:01:18 INFO  DBHelper:116 - Closing old connection for key 3
2023-11-15 23:01:18 INFO  DBHelper:116 - Closing old connection for key 28
2023-11-15 23:01:18 INFO  DBHelper:116 - Closing old connection for key 5
2023-11-15 23:01:18 INFO  DBHelper:94 - Creating new ConnectionHolder for key 19
2023-11-15 23:01:18 INFO  DBHelper:116 - Closing old connection for key 4
2023-11-15 23:01:18 INFO  DBHelper:94 - Creating new ConnectionHolder for key 21
2023-11-15 23:01:18 INFO  DBHelper:116 - Closing old connection for key 7
2023-11-15 23:01:18 INFO  DBHelper:116 - Closing old connection for key 8
2023-11-15 23:01:18 INFO  DBHelper:94 - Creating new ConnectionHolder for key 2
2023-11-15 23:01:18 INFO  DBHelper:116 - Closing old connection for key 10
2023-11-15 23:01:18 INFO  DBHelper:94 - Creating new ConnectionHolder for key 23
2023-11-15 23:01:18 INFO  DBHelper:116 - Closing old connection for key 13
2023-11-15 23:01:18 INFO  DBHelper:116 - Closing old connection for key 27
2023-11-15 23:01:18 INFO  DBHelper:116 - Closing old connection for key 29
2023-11-15 23:01:18 INFO  DBHelper:94 - Creating new ConnectionHolder for key 24
2023-11-15 23:01:18 INFO  DBHelper:94 - Creating new ConnectionHolder for key 9
2023-11-15 23:01:18 INFO  DBHelper:116 - Closing old connection for key 0
2023-11-15 23:01:18 INFO  DBHelper:94 - Creating new ConnectionHolder for key 1
2023-11-15 23:01:18 INFO  DBHelper:116 - Closing old connection for key 9
2023-11-15 23:01:18 INFO  DBHelper:116 - Closing old connection for key 1
2023-11-15 23:01:18 INFO  DBHelper:116 - Closing old connection for key 26
2023-11-15 23:01:18 INFO  DBHelper:116 - Closing old connection for key 17
2023-11-15 23:01:18 INFO  DBHelper:94 - Creating new ConnectionHolder for key 12
2023-11-15 23:01:18 INFO  DBHelper:116 - Closing old connection for key 24
2023-11-15 23:01:18 INFO  DBHelper:94 - Creating new ConnectionHolder for key 11
2023-11-15 23:01:18 INFO  DBHelper:116 - Closing old connection for key 23
2023-11-15 23:01:18 INFO  DBHelper:116 - Closing old connection for key 12
2023-11-15 23:01:18 INFO  DBHelper:94 - Creating new ConnectionHolder for key 6
2023-11-15 23:01:18 INFO  DBHelper:94 - Creating new ConnectionHolder for key 20
2023-11-15 23:01:18 INFO  DBHelper:94 - Creating new ConnectionHolder for key 15
2023-11-15 23:01:18 INFO  DBHelper:116 - Closing old connection for key 19
2023-11-15 23:01:18 INFO  DBHelper:116 - Closing old connection for key 20
2023-11-15 23:01:18 INFO  DBHelper:116 - Closing old connection for key 25
2023-11-15 23:01:18 INFO  DBHelper:116 - Closing old connection for key 18
2023-11-15 23:01:18 INFO  DBHelper:116 - Closing old connection for key 15
2023-11-15 23:01:18 INFO  DBHelper:116 - Closing old connection for key 11
2023-11-15 23:01:18 INFO  DBHelper:116 - Closing old connection for key 2
2023-11-15 23:01:18 INFO  DBHelper:116 - Closing old connection for key 6
2023-11-15 23:01:18 INFO  DBHelper:116 - Closing old connection for key 16
2023-11-15 23:01:18 INFO  DBHelper:116 - Closing old connection for key 21
2023-11-15 23:01:18 INFO  DBHelperStressTest:58 - Performed test #900000 rate 22500 scenarios per second
2023-11-15 23:01:23 INFO  DBHelperStressTest:58 - Performed test #1000000 rate 22222 scenarios per second
2023-11-15 23:01:23 INFO  DBHelperStressTest:88 - Finished executing stress test
